<?xml version="1.0" encoding="UTF-8" ?>
<testsuites errors="0"
            failures="3"
            tests="3">

  <testsuite name="FieldsCantBeSavedWhenInvalid"
    errors="0" failures="3" hostname="" id="" package="FieldsCantBeSavedWhenInvalid" skipped="0"
    tests="3" time="11.95" timestamp="Sun, 02 Dec 2018 23:49:25 GMT">
  
    <testcase name="QOBB-68 Name invalid; other fields valid" classname="FieldsCantBeSavedWhenInvalid" time="4.101" assertions="2">

      <failure message="Expected element &lt;#saveBtn&gt; to have attribute &#34;disabled&#34; - attribute was not found">    at checkDisabled (C:\Users\bethl_000\Documents\Beth\Learning\DevMountain\EmployeeManager\testAssets\functions.js:74:17)
    at Object.QOBB-68 Name invalid; other fields valid (C:\Users\bethl_000\Documents\Beth\Learning\DevMountain\EmployeeManager\tests\FieldsCantBeSavedWhenInvalid.js:22:9)</failure>

    
    </testcase>
  
    <testcase name="QOBB-68 Phone invalid; other fields valid" classname="FieldsCantBeSavedWhenInvalid" time="4.154" assertions="2">

      <failure message="Expected element &lt;#saveBtn&gt; to have attribute &#34;disabled&#34; - attribute was not found">    at checkDisabled (C:\Users\bethl_000\Documents\Beth\Learning\DevMountain\EmployeeManager\testAssets\functions.js:74:17)
    at Object.QOBB-68 Phone invalid; other fields valid (C:\Users\bethl_000\Documents\Beth\Learning\DevMountain\EmployeeManager\tests\FieldsCantBeSavedWhenInvalid.js:30:9)</failure>

    
    </testcase>
  
    <testcase name="QOBB-68 Title invalid; other fields valid" classname="FieldsCantBeSavedWhenInvalid" time="3.690" assertions="2">

      <failure message="Expected element &lt;#saveBtn&gt; to have attribute &#34;disabled&#34; - attribute was not found">    at checkDisabled (C:\Users\bethl_000\Documents\Beth\Learning\DevMountain\EmployeeManager\testAssets\functions.js:74:17)
    at Object.QOBB-68 Title invalid; other fields valid (C:\Users\bethl_000\Documents\Beth\Learning\DevMountain\EmployeeManager\tests\FieldsCantBeSavedWhenInvalid.js:38:9)</failure>

    
    </testcase>
  

  

  
  </testsuite>
</testsuites>
