<?xml version="1.0" encoding="UTF-8" ?>
<testsuites errors="18"
            failures="3"
            tests="4">

  <testsuite name="AddNewEmployee"
    errors="18" failures="3" hostname="" id="" package="AddNewEmployee" skipped="0"
    tests="4" time="9.649" timestamp="Wed, 21 Nov 2018 22:27:19 GMT">
  
    <testcase name="QOBB-80 Verify new employee appears in left list when added" classname="AddNewEmployee" time="4.610" assertions="2">

      <failure message="Expected element &lt;(//li[@class=&#34;listText&#34;][last()-1])&gt; text to equal: &#34;New Employee&#34;">    at verifyEmployeeInList (C:\Users\bethl_000\Documents\Beth\Learning\DevMountain\EmployeeManager\testAssets\functions.js:14:17)
    at Object.QOBB-80 Verify new employee appears in left list when added (C:\Users\bethl_000\Documents\Beth\Learning\DevMountain\EmployeeManager\tests\AddNewEmployee.js:38:9)</failure>

    
    </testcase>
  
    <testcase name="QOBB-80 Verify new employee has correct employee number" classname="AddNewEmployee" time="3.948" assertions="2">

    

    
    </testcase>
  
    <testcase name="QOBB-80 Verify new employee field prompts have valid values" classname="AddNewEmployee" time="0.5870" assertions="4">

      <failure message="Failed [ok]: (The expression evaluated to a falsy value:

  assertModule[prop].apply(null, arguments)
)">
  assertModule[prop].apply(null, arguments)
): Failed [ok]: (The expression evaluated to a falsy value:

  assertModule[prop].apply(null, arguments)
) - Expected &#34;true&#34; but got: &#34;false&#34;
    at Object.&lt;anonymous&gt; (C:\Users\bethl_000\Documents\Beth\Learning\DevMountain\EmployeeManager\tests\AddNewEmployee.js:67:48)</failure>

      <failure message="Failed [ok]: (The expression evaluated to a falsy value:

  assertModule[prop].apply(null, arguments)
)">
  assertModule[prop].apply(null, arguments)
): Failed [ok]: (The expression evaluated to a falsy value:

  assertModule[prop].apply(null, arguments)
) - Expected &#34;true&#34; but got: &#34;false&#34;
    at Object.&lt;anonymous&gt; (C:\Users\bethl_000\Documents\Beth\Learning\DevMountain\EmployeeManager\tests\AddNewEmployee.js:67:48)</failure>

      <failure message="Failed [ok]: (The expression evaluated to a falsy value:

  assertModule[prop].apply(null, arguments)
)">
  assertModule[prop].apply(null, arguments)
): Failed [ok]: (The expression evaluated to a falsy value:

  assertModule[prop].apply(null, arguments)
) - Expected &#34;true&#34; but got: &#34;false&#34;
    at Object.&lt;anonymous&gt; (C:\Users\bethl_000\Documents\Beth\Learning\DevMountain\EmployeeManager\tests\AddNewEmployee.js:67:48)</failure>

    
    </testcase>
  
    <testcase name="QOBB-80 Verify new employee Save is working" classname="AddNewEmployee" time="0.5040" assertions="4">

      <failure message="Testing if value of &lt;input[name=&#34;nameEntry&#34;]&gt; equals: &#34;Casper the Ghost&#34;. Element or attribute could not be located.">    at verifyForm (C:\Users\bethl_000\Documents\Beth\Learning\DevMountain\EmployeeManager\testAssets\functions.js:31:17)
    at Object.QOBB-80 Verify new employee Save is working (C:\Users\bethl_000\Documents\Beth\Learning\DevMountain\EmployeeManager\tests\AddNewEmployee.js:81:9)</failure>

      <failure message="Testing if value of &lt;input[name=&#34;phoneEntry&#34;]&gt; equals: &#34;1212121212&#34;. Element or attribute could not be located.">    at verifyForm (C:\Users\bethl_000\Documents\Beth\Learning\DevMountain\EmployeeManager\testAssets\functions.js:32:17)
    at Object.QOBB-80 Verify new employee Save is working (C:\Users\bethl_000\Documents\Beth\Learning\DevMountain\EmployeeManager\tests\AddNewEmployee.js:81:9)</failure>

      <failure message="Testing if value of &lt;input[name=&#34;titleEntry&#34;]&gt; equals: &#34;Friendly Ghost&#34;. Element or attribute could not be located.">    at verifyForm (C:\Users\bethl_000\Documents\Beth\Learning\DevMountain\EmployeeManager\testAssets\functions.js:33:17)
    at Object.QOBB-80 Verify new employee Save is working (C:\Users\bethl_000\Documents\Beth\Learning\DevMountain\EmployeeManager\tests\AddNewEmployee.js:81:9)</failure>

    
    </testcase>
  

  
    <system-err>
      ERROR: Unable to locate element: &#34;//*[text()=&#34;New Employee&#34;]&#34; using: xpath
    at clickByText (C:\Users\bethl_000\Documents\Beth\Learning\DevMountain\EmployeeManager\testAssets\functions.js:7:10)
    at Object.QOBB-80 Verify new employee has correct employee number (C:\Users\bethl_000\Documents\Beth\Learning\DevMountain\EmployeeManager\tests\AddNewEmployee.js:51:9)
    at Module.call (C:\Users\bethl_000\AppData\Roaming\npm\node_modules\nightwatch\lib\runner\module.js:62:34)
    at C:\Users\bethl_000\AppData\Roaming\npm\node_modules\nightwatch\lib\runner\testcase.js:70:29
    at _fulfilled (C:\Users\bethl_000\AppData\Roaming\npm\node_modules\nightwatch\node_modules\q\q.js:834:54)
    at C:\Users\bethl_000\AppData\Roaming\npm\node_modules\nightwatch\node_modules\q\q.js:863:30
    at Promise.promise.promiseDispatch (C:\Users\bethl_000\AppData\Roaming\npm\node_modules\nightwatch\node_modules\q\q.js:796:13)
    at C:\Users\bethl_000\AppData\Roaming\npm\node_modules\nightwatch\node_modules\q\q.js:556:49
    at runSingle (C:\Users\bethl_000\AppData\Roaming\npm\node_modules\nightwatch\node_modules\q\q.js:137:13)
    at flush (C:\Users\bethl_000\AppData\Roaming\npm\node_modules\nightwatch\node_modules\q\q.js:125:13)
ERROR: Unable to locate element: &#34;#employeeID&#34; using: css selector
    at Page.getText (C:\Users\bethl_000\AppData\Roaming\npm\node_modules\nightwatch\lib\page-object\command-wrapper.js:117:25)
    at Object.QOBB-80 Verify new employee has correct employee number (C:\Users\bethl_000\Documents\Beth\Learning\DevMountain\EmployeeManager\tests\AddNewEmployee.js:53:14)
    at Module.call (C:\Users\bethl_000\AppData\Roaming\npm\node_modules\nightwatch\lib\runner\module.js:62:34)
    at C:\Users\bethl_000\AppData\Roaming\npm\node_modules\nightwatch\lib\runner\testcase.js:70:29
    at _fulfilled (C:\Users\bethl_000\AppData\Roaming\npm\node_modules\nightwatch\node_modules\q\q.js:834:54)
    at C:\Users\bethl_000\AppData\Roaming\npm\node_modules\nightwatch\node_modules\q\q.js:863:30
    at Promise.promise.promiseDispatch (C:\Users\bethl_000\AppData\Roaming\npm\node_modules\nightwatch\node_modules\q\q.js:796:13)
    at C:\Users\bethl_000\AppData\Roaming\npm\node_modules\nightwatch\node_modules\q\q.js:556:49
    at runSingle (C:\Users\bethl_000\AppData\Roaming\npm\node_modules\nightwatch\node_modules\q\q.js:137:13)
    at flush (C:\Users\bethl_000\AppData\Roaming\npm\node_modules\nightwatch\node_modules\q\q.js:125:13)
ERROR: Unable to locate element: &#34;//*[text()=&#34;New Employee&#34;]&#34; using: xpath
    at clickByText (C:\Users\bethl_000\Documents\Beth\Learning\DevMountain\EmployeeManager\testAssets\functions.js:7:10)
    at Object.QOBB-80 Verify new employee field prompts have valid values (C:\Users\bethl_000\Documents\Beth\Learning\DevMountain\EmployeeManager\tests\AddNewEmployee.js:63:9)
    at Module.call (C:\Users\bethl_000\AppData\Roaming\npm\node_modules\nightwatch\lib\runner\module.js:62:34)
    at C:\Users\bethl_000\AppData\Roaming\npm\node_modules\nightwatch\lib\runner\testcase.js:70:29
    at _fulfilled (C:\Users\bethl_000\AppData\Roaming\npm\node_modules\nightwatch\node_modules\q\q.js:834:54)
    at C:\Users\bethl_000\AppData\Roaming\npm\node_modules\nightwatch\node_modules\q\q.js:863:30
    at Promise.promise.promiseDispatch (C:\Users\bethl_000\AppData\Roaming\npm\node_modules\nightwatch\node_modules\q\q.js:796:13)
    at C:\Users\bethl_000\AppData\Roaming\npm\node_modules\nightwatch\node_modules\q\q.js:556:49
    at runSingle (C:\Users\bethl_000\AppData\Roaming\npm\node_modules\nightwatch\node_modules\q\q.js:137:13)
    at flush (C:\Users\bethl_000\AppData\Roaming\npm\node_modules\nightwatch\node_modules\q\q.js:125:13)
ERROR: Unable to locate element: &#34;input[name=&#34;nameEntry&#34;]&#34; using: css selector
    at Page.getValue (C:\Users\bethl_000\AppData\Roaming\npm\node_modules\nightwatch\lib\page-object\command-wrapper.js:117:25)
    at QOBB-80 Verify new employee field prompts have valid values.testData.fieldPrompts.forEach.test (C:\Users\bethl_000\Documents\Beth\Learning\DevMountain\EmployeeManager\tests\AddNewEmployee.js:66:18)
    at Array.forEach (&lt;anonymous&gt;)
    at Object.QOBB-80 Verify new employee field prompts have valid values (C:\Users\bethl_000\Documents\Beth\Learning\DevMountain\EmployeeManager\tests\AddNewEmployee.js:64:31)
    at Module.call (C:\Users\bethl_000\AppData\Roaming\npm\node_modules\nightwatch\lib\runner\module.js:62:34)
    at C:\Users\bethl_000\AppData\Roaming\npm\node_modules\nightwatch\lib\runner\testcase.js:70:29
    at _fulfilled (C:\Users\bethl_000\AppData\Roaming\npm\node_modules\nightwatch\node_modules\q\q.js:834:54)
    at C:\Users\bethl_000\AppData\Roaming\npm\node_modules\nightwatch\node_modules\q\q.js:863:30
    at Promise.promise.promiseDispatch (C:\Users\bethl_000\AppData\Roaming\npm\node_modules\nightwatch\node_modules\q\q.js:796:13)
    at C:\Users\bethl_000\AppData\Roaming\npm\node_modules\nightwatch\node_modules\q\q.js:556:49
ERROR: Unable to locate element: &#34;input[name=&#34;phoneEntry&#34;]&#34; using: css selector
    at Page.getValue (C:\Users\bethl_000\AppData\Roaming\npm\node_modules\nightwatch\lib\page-object\command-wrapper.js:117:25)
    at QOBB-80 Verify new employee field prompts have valid values.testData.fieldPrompts.forEach.test (C:\Users\bethl_000\Documents\Beth\Learning\DevMountain\EmployeeManager\tests\AddNewEmployee.js:66:18)
    at Array.forEach (&lt;anonymous&gt;)
    at Object.QOBB-80 Verify new employee field prompts have valid values (C:\Users\bethl_000\Documents\Beth\Learning\DevMountain\EmployeeManager\tests\AddNewEmployee.js:64:31)
    at Module.call (C:\Users\bethl_000\AppData\Roaming\npm\node_modules\nightwatch\lib\runner\module.js:62:34)
    at C:\Users\bethl_000\AppData\Roaming\npm\node_modules\nightwatch\lib\runner\testcase.js:70:29
    at _fulfilled (C:\Users\bethl_000\AppData\Roaming\npm\node_modules\nightwatch\node_modules\q\q.js:834:54)
    at C:\Users\bethl_000\AppData\Roaming\npm\node_modules\nightwatch\node_modules\q\q.js:863:30
    at Promise.promise.promiseDispatch (C:\Users\bethl_000\AppData\Roaming\npm\node_modules\nightwatch\node_modules\q\q.js:796:13)
    at C:\Users\bethl_000\AppData\Roaming\npm\node_modules\nightwatch\node_modules\q\q.js:556:49
ERROR: Unable to locate element: &#34;input[name=&#34;titleEntry&#34;]&#34; using: css selector
    at Page.getValue (C:\Users\bethl_000\AppData\Roaming\npm\node_modules\nightwatch\lib\page-object\command-wrapper.js:117:25)
    at QOBB-80 Verify new employee field prompts have valid values.testData.fieldPrompts.forEach.test (C:\Users\bethl_000\Documents\Beth\Learning\DevMountain\EmployeeManager\tests\AddNewEmployee.js:66:18)
    at Array.forEach (&lt;anonymous&gt;)
    at Object.QOBB-80 Verify new employee field prompts have valid values (C:\Users\bethl_000\Documents\Beth\Learning\DevMountain\EmployeeManager\tests\AddNewEmployee.js:64:31)
    at Module.call (C:\Users\bethl_000\AppData\Roaming\npm\node_modules\nightwatch\lib\runner\module.js:62:34)
    at C:\Users\bethl_000\AppData\Roaming\npm\node_modules\nightwatch\lib\runner\testcase.js:70:29
    at _fulfilled (C:\Users\bethl_000\AppData\Roaming\npm\node_modules\nightwatch\node_modules\q\q.js:834:54)
    at C:\Users\bethl_000\AppData\Roaming\npm\node_modules\nightwatch\node_modules\q\q.js:863:30
    at Promise.promise.promiseDispatch (C:\Users\bethl_000\AppData\Roaming\npm\node_modules\nightwatch\node_modules\q\q.js:796:13)
    at C:\Users\bethl_000\AppData\Roaming\npm\node_modules\nightwatch\node_modules\q\q.js:556:49
ERROR: Unable to locate element: &#34;//*[text()=&#34;New Employee&#34;]&#34; using: xpath
    at clickByText (C:\Users\bethl_000\Documents\Beth\Learning\DevMountain\EmployeeManager\testAssets\functions.js:7:10)
    at Object.QOBB-80 Verify new employee Save is working (C:\Users\bethl_000\Documents\Beth\Learning\DevMountain\EmployeeManager\tests\AddNewEmployee.js:76:9)
    at Module.call (C:\Users\bethl_000\AppData\Roaming\npm\node_modules\nightwatch\lib\runner\module.js:62:34)
    at C:\Users\bethl_000\AppData\Roaming\npm\node_modules\nightwatch\lib\runner\testcase.js:70:29
    at _fulfilled (C:\Users\bethl_000\AppData\Roaming\npm\node_modules\nightwatch\node_modules\q\q.js:834:54)
    at C:\Users\bethl_000\AppData\Roaming\npm\node_modules\nightwatch\node_modules\q\q.js:863:30
    at Promise.promise.promiseDispatch (C:\Users\bethl_000\AppData\Roaming\npm\node_modules\nightwatch\node_modules\q\q.js:796:13)
    at C:\Users\bethl_000\AppData\Roaming\npm\node_modules\nightwatch\node_modules\q\q.js:556:49
    at runSingle (C:\Users\bethl_000\AppData\Roaming\npm\node_modules\nightwatch\node_modules\q\q.js:137:13)
    at flush (C:\Users\bethl_000\AppData\Roaming\npm\node_modules\nightwatch\node_modules\q\q.js:125:13)
ERROR: Unable to locate element: &#34;input[name=&#34;nameEntry&#34;]&#34; using: css selector
    at Page.clearValue (C:\Users\bethl_000\AppData\Roaming\npm\node_modules\nightwatch\lib\page-object\command-wrapper.js:117:25)
    at setForm (C:\Users\bethl_000\Documents\Beth\Learning\DevMountain\EmployeeManager\testAssets\functions.js:20:10)
    at Object.QOBB-80 Verify new employee Save is working (C:\Users\bethl_000\Documents\Beth\Learning\DevMountain\EmployeeManager\tests\AddNewEmployee.js:77:9)
    at Module.call (C:\Users\bethl_000\AppData\Roaming\npm\node_modules\nightwatch\lib\runner\module.js:62:34)
    at C:\Users\bethl_000\AppData\Roaming\npm\node_modules\nightwatch\lib\runner\testcase.js:70:29
    at _fulfilled (C:\Users\bethl_000\AppData\Roaming\npm\node_modules\nightwatch\node_modules\q\q.js:834:54)
    at C:\Users\bethl_000\AppData\Roaming\npm\node_modules\nightwatch\node_modules\q\q.js:863:30
    at Promise.promise.promiseDispatch (C:\Users\bethl_000\AppData\Roaming\npm\node_modules\nightwatch\node_modules\q\q.js:796:13)
    at C:\Users\bethl_000\AppData\Roaming\npm\node_modules\nightwatch\node_modules\q\q.js:556:49
    at runSingle (C:\Users\bethl_000\AppData\Roaming\npm\node_modules\nightwatch\node_modules\q\q.js:137:13)
ERROR: Unable to locate element: &#34;input[name=&#34;nameEntry&#34;]&#34; using: css selector
    at Page.setValue (C:\Users\bethl_000\AppData\Roaming\npm\node_modules\nightwatch\lib\page-object\command-wrapper.js:117:25)
    at setForm (C:\Users\bethl_000\Documents\Beth\Learning\DevMountain\EmployeeManager\testAssets\functions.js:21:10)
    at Object.QOBB-80 Verify new employee Save is working (C:\Users\bethl_000\Documents\Beth\Learning\DevMountain\EmployeeManager\tests\AddNewEmployee.js:77:9)
    at Module.call (C:\Users\bethl_000\AppData\Roaming\npm\node_modules\nightwatch\lib\runner\module.js:62:34)
    at C:\Users\bethl_000\AppData\Roaming\npm\node_modules\nightwatch\lib\runner\testcase.js:70:29
    at _fulfilled (C:\Users\bethl_000\AppData\Roaming\npm\node_modules\nightwatch\node_modules\q\q.js:834:54)
    at C:\Users\bethl_000\AppData\Roaming\npm\node_modules\nightwatch\node_modules\q\q.js:863:30
    at Promise.promise.promiseDispatch (C:\Users\bethl_000\AppData\Roaming\npm\node_modules\nightwatch\node_modules\q\q.js:796:13)
    at C:\Users\bethl_000\AppData\Roaming\npm\node_modules\nightwatch\node_modules\q\q.js:556:49
    at runSingle (C:\Users\bethl_000\AppData\Roaming\npm\node_modules\nightwatch\node_modules\q\q.js:137:13)
ERROR: Unable to locate element: &#34;input[name=&#34;phoneEntry&#34;]&#34; using: css selector
    at Page.clearValue (C:\Users\bethl_000\AppData\Roaming\npm\node_modules\nightwatch\lib\page-object\command-wrapper.js:117:25)
    at setForm (C:\Users\bethl_000\Documents\Beth\Learning\DevMountain\EmployeeManager\testAssets\functions.js:22:10)
    at Object.QOBB-80 Verify new employee Save is working (C:\Users\bethl_000\Documents\Beth\Learning\DevMountain\EmployeeManager\tests\AddNewEmployee.js:77:9)
    at Module.call (C:\Users\bethl_000\AppData\Roaming\npm\node_modules\nightwatch\lib\runner\module.js:62:34)
    at C:\Users\bethl_000\AppData\Roaming\npm\node_modules\nightwatch\lib\runner\testcase.js:70:29
    at _fulfilled (C:\Users\bethl_000\AppData\Roaming\npm\node_modules\nightwatch\node_modules\q\q.js:834:54)
    at C:\Users\bethl_000\AppData\Roaming\npm\node_modules\nightwatch\node_modules\q\q.js:863:30
    at Promise.promise.promiseDispatch (C:\Users\bethl_000\AppData\Roaming\npm\node_modules\nightwatch\node_modules\q\q.js:796:13)
    at C:\Users\bethl_000\AppData\Roaming\npm\node_modules\nightwatch\node_modules\q\q.js:556:49
    at runSingle (C:\Users\bethl_000\AppData\Roaming\npm\node_modules\nightwatch\node_modules\q\q.js:137:13)
ERROR: Unable to locate element: &#34;input[name=&#34;phoneEntry&#34;]&#34; using: css selector
    at Page.setValue (C:\Users\bethl_000\AppData\Roaming\npm\node_modules\nightwatch\lib\page-object\command-wrapper.js:117:25)
    at setForm (C:\Users\bethl_000\Documents\Beth\Learning\DevMountain\EmployeeManager\testAssets\functions.js:23:10)
    at Object.QOBB-80 Verify new employee Save is working (C:\Users\bethl_000\Documents\Beth\Learning\DevMountain\EmployeeManager\tests\AddNewEmployee.js:77:9)
    at Module.call (C:\Users\bethl_000\AppData\Roaming\npm\node_modules\nightwatch\lib\runner\module.js:62:34)
    at C:\Users\bethl_000\AppData\Roaming\npm\node_modules\nightwatch\lib\runner\testcase.js:70:29
    at _fulfilled (C:\Users\bethl_000\AppData\Roaming\npm\node_modules\nightwatch\node_modules\q\q.js:834:54)
    at C:\Users\bethl_000\AppData\Roaming\npm\node_modules\nightwatch\node_modules\q\q.js:863:30
    at Promise.promise.promiseDispatch (C:\Users\bethl_000\AppData\Roaming\npm\node_modules\nightwatch\node_modules\q\q.js:796:13)
    at C:\Users\bethl_000\AppData\Roaming\npm\node_modules\nightwatch\node_modules\q\q.js:556:49
    at runSingle (C:\Users\bethl_000\AppData\Roaming\npm\node_modules\nightwatch\node_modules\q\q.js:137:13)
ERROR: Unable to locate element: &#34;input[name=&#34;titleEntry&#34;]&#34; using: css selector
    at Page.clearValue (C:\Users\bethl_000\AppData\Roaming\npm\node_modules\nightwatch\lib\page-object\command-wrapper.js:117:25)
    at setForm (C:\Users\bethl_000\Documents\Beth\Learning\DevMountain\EmployeeManager\testAssets\functions.js:24:10)
    at Object.QOBB-80 Verify new employee Save is working (C:\Users\bethl_000\Documents\Beth\Learning\DevMountain\EmployeeManager\tests\AddNewEmployee.js:77:9)
    at Module.call (C:\Users\bethl_000\AppData\Roaming\npm\node_modules\nightwatch\lib\runner\module.js:62:34)
    at C:\Users\bethl_000\AppData\Roaming\npm\node_modules\nightwatch\lib\runner\testcase.js:70:29
    at _fulfilled (C:\Users\bethl_000\AppData\Roaming\npm\node_modules\nightwatch\node_modules\q\q.js:834:54)
    at C:\Users\bethl_000\AppData\Roaming\npm\node_modules\nightwatch\node_modules\q\q.js:863:30
    at Promise.promise.promiseDispatch (C:\Users\bethl_000\AppData\Roaming\npm\node_modules\nightwatch\node_modules\q\q.js:796:13)
    at C:\Users\bethl_000\AppData\Roaming\npm\node_modules\nightwatch\node_modules\q\q.js:556:49
    at runSingle (C:\Users\bethl_000\AppData\Roaming\npm\node_modules\nightwatch\node_modules\q\q.js:137:13)
ERROR: Unable to locate element: &#34;input[name=&#34;titleEntry&#34;]&#34; using: css selector
    at Page.setValue (C:\Users\bethl_000\AppData\Roaming\npm\node_modules\nightwatch\lib\page-object\command-wrapper.js:117:25)
    at setForm (C:\Users\bethl_000\Documents\Beth\Learning\DevMountain\EmployeeManager\testAssets\functions.js:25:10)
    at Object.QOBB-80 Verify new employee Save is working (C:\Users\bethl_000\Documents\Beth\Learning\DevMountain\EmployeeManager\tests\AddNewEmployee.js:77:9)
    at Module.call (C:\Users\bethl_000\AppData\Roaming\npm\node_modules\nightwatch\lib\runner\module.js:62:34)
    at C:\Users\bethl_000\AppData\Roaming\npm\node_modules\nightwatch\lib\runner\testcase.js:70:29
    at _fulfilled (C:\Users\bethl_000\AppData\Roaming\npm\node_modules\nightwatch\node_modules\q\q.js:834:54)
    at C:\Users\bethl_000\AppData\Roaming\npm\node_modules\nightwatch\node_modules\q\q.js:863:30
    at Promise.promise.promiseDispatch (C:\Users\bethl_000\AppData\Roaming\npm\node_modules\nightwatch\node_modules\q\q.js:796:13)
    at C:\Users\bethl_000\AppData\Roaming\npm\node_modules\nightwatch\node_modules\q\q.js:556:49
    at runSingle (C:\Users\bethl_000\AppData\Roaming\npm\node_modules\nightwatch\node_modules\q\q.js:137:13)
ERROR: Unable to locate element: &#34;//*[text()=&#34; Save &#34;]&#34; using: xpath
    at clickByText (C:\Users\bethl_000\Documents\Beth\Learning\DevMountain\EmployeeManager\testAssets\functions.js:7:10)
    at Object.QOBB-80 Verify new employee Save is working (C:\Users\bethl_000\Documents\Beth\Learning\DevMountain\EmployeeManager\tests\AddNewEmployee.js:78:9)
    at Module.call (C:\Users\bethl_000\AppData\Roaming\npm\node_modules\nightwatch\lib\runner\module.js:62:34)
    at C:\Users\bethl_000\AppData\Roaming\npm\node_modules\nightwatch\lib\runner\testcase.js:70:29
    at _fulfilled (C:\Users\bethl_000\AppData\Roaming\npm\node_modules\nightwatch\node_modules\q\q.js:834:54)
    at C:\Users\bethl_000\AppData\Roaming\npm\node_modules\nightwatch\node_modules\q\q.js:863:30
    at Promise.promise.promiseDispatch (C:\Users\bethl_000\AppData\Roaming\npm\node_modules\nightwatch\node_modules\q\q.js:796:13)
    at C:\Users\bethl_000\AppData\Roaming\npm\node_modules\nightwatch\node_modules\q\q.js:556:49
    at runSingle (C:\Users\bethl_000\AppData\Roaming\npm\node_modules\nightwatch\node_modules\q\q.js:137:13)
    at flush (C:\Users\bethl_000\AppData\Roaming\npm\node_modules\nightwatch\node_modules\q\q.js:125:13)
ERROR: Unable to locate element: &#34;//*[text()=&#34;Casper the Ghost&#34;]&#34; using: xpath
    at clickByText (C:\Users\bethl_000\Documents\Beth\Learning\DevMountain\EmployeeManager\testAssets\functions.js:7:10)
    at Object.QOBB-80 Verify new employee Save is working (C:\Users\bethl_000\Documents\Beth\Learning\DevMountain\EmployeeManager\tests\AddNewEmployee.js:80:9)
    at Module.call (C:\Users\bethl_000\AppData\Roaming\npm\node_modules\nightwatch\lib\runner\module.js:62:34)
    at C:\Users\bethl_000\AppData\Roaming\npm\node_modules\nightwatch\lib\runner\testcase.js:70:29
    at _fulfilled (C:\Users\bethl_000\AppData\Roaming\npm\node_modules\nightwatch\node_modules\q\q.js:834:54)
    at C:\Users\bethl_000\AppData\Roaming\npm\node_modules\nightwatch\node_modules\q\q.js:863:30
    at Promise.promise.promiseDispatch (C:\Users\bethl_000\AppData\Roaming\npm\node_modules\nightwatch\node_modules\q\q.js:796:13)
    at C:\Users\bethl_000\AppData\Roaming\npm\node_modules\nightwatch\node_modules\q\q.js:556:49
    at runSingle (C:\Users\bethl_000\AppData\Roaming\npm\node_modules\nightwatch\node_modules\q\q.js:137:13)
    at flush (C:\Users\bethl_000\AppData\Roaming\npm\node_modules\nightwatch\node_modules\q\q.js:125:13)
ERROR: Unable to locate element: &#34;input[name=&#34;nameEntry&#34;]&#34; using: css selector
    at F.command (C:\Users\bethl_000\AppData\Roaming\npm\node_modules\nightwatch\lib\api\assertions\value.js:47:21)
    at F.module.exports.BaseAssertion._scheduleAssertion (C:\Users\bethl_000\AppData\Roaming\npm\node_modules\nightwatch\lib\core\assertion.js:87:17)
    at F.module.exports.BaseAssertion._executeCommand (C:\Users\bethl_000\AppData\Roaming\npm\node_modules\nightwatch\lib\core\assertion.js:82:17)
    at AssertionInstance.commandFn [as _commandFn] (C:\Users\bethl_000\AppData\Roaming\npm\node_modules\nightwatch\lib\core\assertion.js:180:21)
    at AsyncTree.runCommand (C:\Users\bethl_000\AppData\Roaming\npm\node_modules\nightwatch\lib\core\queue.js:154:30)
    at AsyncTree.runChildNode (C:\Users\bethl_000\AppData\Roaming\npm\node_modules\nightwatch\lib\core\queue.js:114:8)
    at AsyncTree.walkDown (C:\Users\bethl_000\AppData\Roaming\npm\node_modules\nightwatch\lib\core\queue.js:80:10)
    at AsyncTree.walkUp (C:\Users\bethl_000\AppData\Roaming\npm\node_modules\nightwatch\lib\core\queue.js:97:8)
    at AsyncTree.walkDown (C:\Users\bethl_000\AppData\Roaming\npm\node_modules\nightwatch\lib\core\queue.js:90:12)
    at AsyncTree.traverse (C:\Users\bethl_000\AppData\Roaming\npm\node_modules\nightwatch\lib\core\queue.js:73:8)
ERROR: Unable to locate element: &#34;input[name=&#34;phoneEntry&#34;]&#34; using: css selector
    at F.command (C:\Users\bethl_000\AppData\Roaming\npm\node_modules\nightwatch\lib\api\assertions\value.js:47:21)
    at F.module.exports.BaseAssertion._scheduleAssertion (C:\Users\bethl_000\AppData\Roaming\npm\node_modules\nightwatch\lib\core\assertion.js:87:17)
    at F.module.exports.BaseAssertion._executeCommand (C:\Users\bethl_000\AppData\Roaming\npm\node_modules\nightwatch\lib\core\assertion.js:82:17)
    at AssertionInstance.commandFn [as _commandFn] (C:\Users\bethl_000\AppData\Roaming\npm\node_modules\nightwatch\lib\core\assertion.js:180:21)
    at AsyncTree.runCommand (C:\Users\bethl_000\AppData\Roaming\npm\node_modules\nightwatch\lib\core\queue.js:154:30)
    at AsyncTree.runChildNode (C:\Users\bethl_000\AppData\Roaming\npm\node_modules\nightwatch\lib\core\queue.js:114:8)
    at AsyncTree.walkDown (C:\Users\bethl_000\AppData\Roaming\npm\node_modules\nightwatch\lib\core\queue.js:80:10)
    at AsyncTree.walkUp (C:\Users\bethl_000\AppData\Roaming\npm\node_modules\nightwatch\lib\core\queue.js:97:8)
    at AsyncTree.walkDown (C:\Users\bethl_000\AppData\Roaming\npm\node_modules\nightwatch\lib\core\queue.js:90:12)
    at AsyncTree.traverse (C:\Users\bethl_000\AppData\Roaming\npm\node_modules\nightwatch\lib\core\queue.js:73:8)
ERROR: Unable to locate element: &#34;input[name=&#34;titleEntry&#34;]&#34; using: css selector
    at F.command (C:\Users\bethl_000\AppData\Roaming\npm\node_modules\nightwatch\lib\api\assertions\value.js:47:21)
    at F.module.exports.BaseAssertion._scheduleAssertion (C:\Users\bethl_000\AppData\Roaming\npm\node_modules\nightwatch\lib\core\assertion.js:87:17)
    at F.module.exports.BaseAssertion._executeCommand (C:\Users\bethl_000\AppData\Roaming\npm\node_modules\nightwatch\lib\core\assertion.js:82:17)
    at AssertionInstance.commandFn [as _commandFn] (C:\Users\bethl_000\AppData\Roaming\npm\node_modules\nightwatch\lib\core\assertion.js:180:21)
    at AsyncTree.runCommand (C:\Users\bethl_000\AppData\Roaming\npm\node_modules\nightwatch\lib\core\queue.js:154:30)
    at AsyncTree.runChildNode (C:\Users\bethl_000\AppData\Roaming\npm\node_modules\nightwatch\lib\core\queue.js:114:8)
    at AsyncTree.walkDown (C:\Users\bethl_000\AppData\Roaming\npm\node_modules\nightwatch\lib\core\queue.js:80:10)
    at AsyncTree.walkUp (C:\Users\bethl_000\AppData\Roaming\npm\node_modules\nightwatch\lib\core\queue.js:97:8)
    at AsyncTree.walkDown (C:\Users\bethl_000\AppData\Roaming\npm\node_modules\nightwatch\lib\core\queue.js:90:12)
    at AsyncTree.traverse (C:\Users\bethl_000\AppData\Roaming\npm\node_modules\nightwatch\lib\core\queue.js:73:8)
ERROR: Unable to locate element: &#34;//*[text()=&#34;Bernice Ortiz&#34;]&#34; using: xpath
    at clickByText (C:\Users\bethl_000\Documents\Beth\Learning\DevMountain\EmployeeManager\testAssets\functions.js:7:10)
    at Object.QOBB-60 Cancel prior to Save (C:\Users\bethl_000\Documents\Beth\Learning\DevMountain\EmployeeManager\tests\Cancel.js:32:9)
    at Module.call (C:\Users\bethl_000\AppData\Roaming\npm\node_modules\nightwatch\lib\runner\module.js:62:34)
    at C:\Users\bethl_000\AppData\Roaming\npm\node_modules\nightwatch\lib\runner\testcase.js:70:29
    at _fulfilled (C:\Users\bethl_000\AppData\Roaming\npm\node_modules\nightwatch\node_modules\q\q.js:834:54)
    at C:\Users\bethl_000\AppData\Roaming\npm\node_modules\nightwatch\node_modules\q\q.js:863:30
    at Promise.promise.promiseDispatch (C:\Users\bethl_000\AppData\Roaming\npm\node_modules\nightwatch\node_modules\q\q.js:796:13)
    at C:\Users\bethl_000\AppData\Roaming\npm\node_modules\nightwatch\node_modules\q\q.js:556:49
    at runSingle (C:\Users\bethl_000\AppData\Roaming\npm\node_modules\nightwatch\node_modules\q\q.js:137:13)
    at flush (C:\Users\bethl_000\AppData\Roaming\npm\node_modules\nightwatch\node_modules\q\q.js:125:13)
ERROR: Unable to locate element: &#34;//*[text()=&#34; Save &#34;]&#34; using: xpath
    at clickByText (C:\Users\bethl_000\Documents\Beth\Learning\DevMountain\EmployeeManager\testAssets\functions.js:7:10)
    at Object.QOBB-60 Cancel after to Save (C:\Users\bethl_000\Documents\Beth\Learning\DevMountain\EmployeeManager\tests\Cancel.js:42:9)
    at Module.call (C:\Users\bethl_000\AppData\Roaming\npm\node_modules\nightwatch\lib\runner\module.js:62:34)
    at C:\Users\bethl_000\AppData\Roaming\npm\node_modules\nightwatch\lib\runner\testcase.js:70:29
    at _fulfilled (C:\Users\bethl_000\AppData\Roaming\npm\node_modules\nightwatch\node_modules\q\q.js:834:54)
    at C:\Users\bethl_000\AppData\Roaming\npm\node_modules\nightwatch\node_modules\q\q.js:863:30
    at Promise.promise.promiseDispatch (C:\Users\bethl_000\AppData\Roaming\npm\node_modules\nightwatch\node_modules\q\q.js:796:13)
    at C:\Users\bethl_000\AppData\Roaming\npm\node_modules\nightwatch\node_modules\q\q.js:556:49
    at runSingle (C:\Users\bethl_000\AppData\Roaming\npm\node_modules\nightwatch\node_modules\q\q.js:137:13)
    at flush (C:\Users\bethl_000\AppData\Roaming\npm\node_modules\nightwatch\node_modules\q\q.js:125:13)
ERROR: Unable to locate element: &#34;//*[text()=&#34;Joe Schmo&#34;]&#34; using: xpath
    at clickByText (C:\Users\bethl_000\Documents\Beth\Learning\DevMountain\EmployeeManager\testAssets\functions.js:7:10)
    at Object.QOBB-60 Cancel after to Save (C:\Users\bethl_000\Documents\Beth\Learning\DevMountain\EmployeeManager\tests\Cancel.js:44:9)
    at Module.call (C:\Users\bethl_000\AppData\Roaming\npm\node_modules\nightwatch\lib\runner\module.js:62:34)
    at C:\Users\bethl_000\AppData\Roaming\npm\node_modules\nightwatch\lib\runner\testcase.js:70:29
    at _fulfilled (C:\Users\bethl_000\AppData\Roaming\npm\node_modules\nightwatch\node_modules\q\q.js:834:54)
    at C:\Users\bethl_000\AppData\Roaming\npm\node_modules\nightwatch\node_modules\q\q.js:863:30
    at Promise.promise.promiseDispatch (C:\Users\bethl_000\AppData\Roaming\npm\node_modules\nightwatch\node_modules\q\q.js:796:13)
    at C:\Users\bethl_000\AppData\Roaming\npm\node_modules\nightwatch\node_modules\q\q.js:556:49
    at runSingle (C:\Users\bethl_000\AppData\Roaming\npm\node_modules\nightwatch\node_modules\q\q.js:137:13)
    at flush (C:\Users\bethl_000\AppData\Roaming\npm\node_modules\nightwatch\node_modules\q\q.js:125:13)
ERROR: Unable to locate element: &#34;//*[text()=&#34;Joe Schmo&#34;]&#34; using: xpath
    at clickByText (C:\Users\bethl_000\Documents\Beth\Learning\DevMountain\EmployeeManager\testAssets\functions.js:7:10)
    at Object.QOBB-60 Cancel after to Save (C:\Users\bethl_000\Documents\Beth\Learning\DevMountain\EmployeeManager\tests\Cancel.js:52:9)
    at Module.call (C:\Users\bethl_000\AppData\Roaming\npm\node_modules\nightwatch\lib\runner\module.js:62:34)
    at C:\Users\bethl_000\AppData\Roaming\npm\node_modules\nightwatch\lib\runner\testcase.js:70:29
    at _fulfilled (C:\Users\bethl_000\AppData\Roaming\npm\node_modules\nightwatch\node_modules\q\q.js:834:54)
    at C:\Users\bethl_000\AppData\Roaming\npm\node_modules\nightwatch\node_modules\q\q.js:863:30
    at Promise.promise.promiseDispatch (C:\Users\bethl_000\AppData\Roaming\npm\node_modules\nightwatch\node_modules\q\q.js:796:13)
    at C:\Users\bethl_000\AppData\Roaming\npm\node_modules\nightwatch\node_modules\q\q.js:556:49
    at runSingle (C:\Users\bethl_000\AppData\Roaming\npm\node_modules\nightwatch\node_modules\q\q.js:137:13)
    at flush (C:\Users\bethl_000\AppData\Roaming\npm\node_modules\nightwatch\node_modules\q\q.js:125:13)
ERROR: Unable to locate element: &#34;//*[text()=&#34; Save &#34;]&#34; using: xpath
    at clickByText (C:\Users\bethl_000\Documents\Beth\Learning\DevMountain\EmployeeManager\testAssets\functions.js:7:10)
    at QOBB-62 Test invalid value types for each field - Test 1.testData.invalidFieldValues.forEach.test (C:\Users\bethl_000\Documents\Beth\Learning\DevMountain\EmployeeManager\tests\InvalidFieldInputs.js:32:17)
    at Array.forEach (&lt;anonymous&gt;)
    at Object.QOBB-62 Test invalid value types for each field - Test 1 (C:\Users\bethl_000\Documents\Beth\Learning\DevMountain\EmployeeManager\tests\InvalidFieldInputs.js:25:37)
    at Module.call (C:\Users\bethl_000\AppData\Roaming\npm\node_modules\nightwatch\lib\runner\module.js:62:34)
    at C:\Users\bethl_000\AppData\Roaming\npm\node_modules\nightwatch\lib\runner\testcase.js:70:29
    at _fulfilled (C:\Users\bethl_000\AppData\Roaming\npm\node_modules\nightwatch\node_modules\q\q.js:834:54)
    at C:\Users\bethl_000\AppData\Roaming\npm\node_modules\nightwatch\node_modules\q\q.js:863:30
    at Promise.promise.promiseDispatch (C:\Users\bethl_000\AppData\Roaming\npm\node_modules\nightwatch\node_modules\q\q.js:796:13)
    at C:\Users\bethl_000\AppData\Roaming\npm\node_modules\nightwatch\node_modules\q\q.js:556:49
ERROR: Unable to locate element: &#34;//li[text()=&#34;Homer Simpson&#34;]&#34; using: xpath
    at Page.click (C:\Users\bethl_000\AppData\Roaming\npm\node_modules\nightwatch\lib\page-object\command-wrapper.js:117:25)
    at Page.clickEmployee (C:\Users\bethl_000\Documents\Beth\Learning\DevMountain\EmployeeManager\pageObjects\EmployeeManagerPageObject.js:6:14)
    at editTest (C:\Users\bethl_000\Documents\Beth\Learning\DevMountain\EmployeeManager\testAssets\functions.js:58:10)
    at Object.QOBB-59 Single Save (C:\Users\bethl_000\Documents\Beth\Learning\DevMountain\EmployeeManager\tests\Save.js:42:17)
    at Module.call (C:\Users\bethl_000\AppData\Roaming\npm\node_modules\nightwatch\lib\runner\module.js:62:34)
    at C:\Users\bethl_000\AppData\Roaming\npm\node_modules\nightwatch\lib\runner\testcase.js:70:29
    at _fulfilled (C:\Users\bethl_000\AppData\Roaming\npm\node_modules\nightwatch\node_modules\q\q.js:834:54)
    at C:\Users\bethl_000\AppData\Roaming\npm\node_modules\nightwatch\node_modules\q\q.js:863:30
    at Promise.promise.promiseDispatch (C:\Users\bethl_000\AppData\Roaming\npm\node_modules\nightwatch\node_modules\q\q.js:796:13)
    at C:\Users\bethl_000\AppData\Roaming\npm\node_modules\nightwatch\node_modules\q\q.js:556:49
ERROR: Unable to locate element: &#34;//li[text()=&#34;Homer Simpson&#34;]&#34; using: xpath
    at Page.click (C:\Users\bethl_000\AppData\Roaming\npm\node_modules\nightwatch\lib\page-object\command-wrapper.js:117:25)
    at Page.clickEmployee (C:\Users\bethl_000\Documents\Beth\Learning\DevMountain\EmployeeManager\pageObjects\EmployeeManagerPageObject.js:6:14)
    at editTest (C:\Users\bethl_000\Documents\Beth\Learning\DevMountain\EmployeeManager\testAssets\functions.js:58:10)
    at Object.QOBB-59 Double Save (C:\Users\bethl_000\Documents\Beth\Learning\DevMountain\EmployeeManager\tests\Save.js:60:17)
    at Module.call (C:\Users\bethl_000\AppData\Roaming\npm\node_modules\nightwatch\lib\runner\module.js:62:34)
    at C:\Users\bethl_000\AppData\Roaming\npm\node_modules\nightwatch\lib\runner\testcase.js:70:29
    at _fulfilled (C:\Users\bethl_000\AppData\Roaming\npm\node_modules\nightwatch\node_modules\q\q.js:834:54)
    at C:\Users\bethl_000\AppData\Roaming\npm\node_modules\nightwatch\node_modules\q\q.js:863:30
    at Promise.promise.promiseDispatch (C:\Users\bethl_000\AppData\Roaming\npm\node_modules\nightwatch\node_modules\q\q.js:796:13)
    at C:\Users\bethl_000\AppData\Roaming\npm\node_modules\nightwatch\node_modules\q\q.js:556:49
ERROR: Unable to locate element: &#34;//*[text()=&#34; Save &#34;]&#34; using: xpath
    at clickByText (C:\Users\bethl_000\Documents\Beth\Learning\DevMountain\EmployeeManager\testAssets\functions.js:7:10)
    at QOBB-60 Test all valid value types for each field.testData.validFieldValues.forEach.test (C:\Users\bethl_000\Documents\Beth\Learning\DevMountain\EmployeeManager\tests\ValidFieldInputs.js:32:17)
    at Array.forEach (&lt;anonymous&gt;)
    at Object.QOBB-60 Test all valid value types for each field (C:\Users\bethl_000\Documents\Beth\Learning\DevMountain\EmployeeManager\tests\ValidFieldInputs.js:25:35)
    at Module.call (C:\Users\bethl_000\AppData\Roaming\npm\node_modules\nightwatch\lib\runner\module.js:62:34)
    at C:\Users\bethl_000\AppData\Roaming\npm\node_modules\nightwatch\lib\runner\testcase.js:70:29
    at _fulfilled (C:\Users\bethl_000\AppData\Roaming\npm\node_modules\nightwatch\node_modules\q\q.js:834:54)
    at C:\Users\bethl_000\AppData\Roaming\npm\node_modules\nightwatch\node_modules\q\q.js:863:30
    at Promise.promise.promiseDispatch (C:\Users\bethl_000\AppData\Roaming\npm\node_modules\nightwatch\node_modules\q\q.js:796:13)
    at C:\Users\bethl_000\AppData\Roaming\npm\node_modules\nightwatch\node_modules\q\q.js:556:49
    </system-err>
  

  
  </testsuite>
</testsuites>
