<?xml version="1.0" encoding="UTF-8" ?>
<testsuites errors="18"
            failures="2"
            tests="4">

  <testsuite name="AddNewEmployee"
    errors="18" failures="2" hostname="" id="" package="AddNewEmployee" skipped="0"
    tests="4" time="8.142" timestamp="Tue, 13 Nov 2018 23:25:32 GMT">
  
    <testcase name="QOBB-80 Verify new employee appears in left list when added" classname="AddNewEmployee" time="4.015" assertions="2">

      <failure message="Expected element &lt;(//li[@class=&#34;listText&#34;][last()-1])&gt; text to equal: &#34;New Employee&#34;">    at verifyEmployeeInList (C:\Users\bethl_000\Documents\Beth\Learning\DevMountain\EmployeeManager\tests\AddNewEmployee.js:12:17)
    at Object.QOBB-80 Verify new employee appears in left list when added (C:\Users\bethl_000\Documents\Beth\Learning\DevMountain\EmployeeManager\tests\AddNewEmployee.js:43:13)</failure>

    
    </testcase>
  
    <testcase name="QOBB-80 Verify new employee has correct employee number" classname="AddNewEmployee" time="3.492" assertions="2">

    

    
    </testcase>
  
    <testcase name="QOBB-80 Verify new employee field prompts have valid values" classname="AddNewEmployee" time="0.2690" assertions="4">

    

    

    

    
    </testcase>
  
    <testcase name="QOBB-80 Verify new employee Save is working" classname="AddNewEmployee" time="0.3660" assertions="4">

      <failure message="Testing if value of &lt;input[name=&#34;nameEntry&#34;]&gt; equals: &#34;Casper the Ghost&#34;. Element or attribute could not be located.">    at verifyFieldValue (C:\Users\bethl_000\Documents\Beth\Learning\DevMountain\EmployeeManager\tests\AddNewEmployee.js:23:17)
    at Object.QOBB-80 Verify new employee Save is working (C:\Users\bethl_000\Documents\Beth\Learning\DevMountain\EmployeeManager\tests\AddNewEmployee.js:94:17)</failure>

      <failure message="Testing if value of &lt;input[name=&#34;phoneEntry&#34;]&gt; equals: &#34;1212121212&#34;. Element or attribute could not be located.">    at verifyFieldValue (C:\Users\bethl_000\Documents\Beth\Learning\DevMountain\EmployeeManager\tests\AddNewEmployee.js:23:17)
    at Object.QOBB-80 Verify new employee Save is working (C:\Users\bethl_000\Documents\Beth\Learning\DevMountain\EmployeeManager\tests\AddNewEmployee.js:95:17)</failure>

      <failure message="Testing if value of &lt;input[name=&#34;titleEntry&#34;]&gt; equals: &#34;Friendly Ghost&#34;. Element or attribute could not be located.">    at verifyFieldValue (C:\Users\bethl_000\Documents\Beth\Learning\DevMountain\EmployeeManager\tests\AddNewEmployee.js:23:17)
    at Object.QOBB-80 Verify new employee Save is working (C:\Users\bethl_000\Documents\Beth\Learning\DevMountain\EmployeeManager\tests\AddNewEmployee.js:96:17)</failure>

    
    </testcase>
  

  
    <system-err>
      ERROR: Unable to locate element: &#34;//*[text()=&#34;New Employee&#34;]&#34; using: xpath
    at clickByText (C:\Users\bethl_000\Documents\Beth\Learning\DevMountain\EmployeeManager\tests\AddNewEmployee.js:6:10)
    at Object.QOBB-80 Verify new employee has correct employee number (C:\Users\bethl_000\Documents\Beth\Learning\DevMountain\EmployeeManager\tests\AddNewEmployee.js:56:13)
    at Module.call (C:\Users\bethl_000\AppData\Roaming\npm\node_modules\nightwatch\lib\runner\module.js:62:34)
    at C:\Users\bethl_000\AppData\Roaming\npm\node_modules\nightwatch\lib\runner\testcase.js:70:29
    at _fulfilled (C:\Users\bethl_000\AppData\Roaming\npm\node_modules\nightwatch\node_modules\q\q.js:834:54)
    at C:\Users\bethl_000\AppData\Roaming\npm\node_modules\nightwatch\node_modules\q\q.js:863:30
    at Promise.promise.promiseDispatch (C:\Users\bethl_000\AppData\Roaming\npm\node_modules\nightwatch\node_modules\q\q.js:796:13)
    at C:\Users\bethl_000\AppData\Roaming\npm\node_modules\nightwatch\node_modules\q\q.js:556:49
    at runSingle (C:\Users\bethl_000\AppData\Roaming\npm\node_modules\nightwatch\node_modules\q\q.js:137:13)
    at flush (C:\Users\bethl_000\AppData\Roaming\npm\node_modules\nightwatch\node_modules\q\q.js:125:13)
ERROR: Unable to locate element: &#34;#employeeID&#34; using: css selector
    at Page.getText (C:\Users\bethl_000\AppData\Roaming\npm\node_modules\nightwatch\lib\page-object\command-wrapper.js:117:25)
    at Object.QOBB-80 Verify new employee has correct employee number (C:\Users\bethl_000\Documents\Beth\Learning\DevMountain\EmployeeManager\tests\AddNewEmployee.js:58:18)
    at Module.call (C:\Users\bethl_000\AppData\Roaming\npm\node_modules\nightwatch\lib\runner\module.js:62:34)
    at C:\Users\bethl_000\AppData\Roaming\npm\node_modules\nightwatch\lib\runner\testcase.js:70:29
    at _fulfilled (C:\Users\bethl_000\AppData\Roaming\npm\node_modules\nightwatch\node_modules\q\q.js:834:54)
    at C:\Users\bethl_000\AppData\Roaming\npm\node_modules\nightwatch\node_modules\q\q.js:863:30
    at Promise.promise.promiseDispatch (C:\Users\bethl_000\AppData\Roaming\npm\node_modules\nightwatch\node_modules\q\q.js:796:13)
    at C:\Users\bethl_000\AppData\Roaming\npm\node_modules\nightwatch\node_modules\q\q.js:556:49
    at runSingle (C:\Users\bethl_000\AppData\Roaming\npm\node_modules\nightwatch\node_modules\q\q.js:137:13)
    at flush (C:\Users\bethl_000\AppData\Roaming\npm\node_modules\nightwatch\node_modules\q\q.js:125:13)
ERROR: Unable to locate element: &#34;//*[text()=&#34;New Employee&#34;]&#34; using: xpath
    at clickByText (C:\Users\bethl_000\Documents\Beth\Learning\DevMountain\EmployeeManager\tests\AddNewEmployee.js:6:10)
    at Object.QOBB-80 Verify new employee field prompts have valid values (C:\Users\bethl_000\Documents\Beth\Learning\DevMountain\EmployeeManager\tests\AddNewEmployee.js:68:13)
    at Module.call (C:\Users\bethl_000\AppData\Roaming\npm\node_modules\nightwatch\lib\runner\module.js:62:34)
    at C:\Users\bethl_000\AppData\Roaming\npm\node_modules\nightwatch\lib\runner\testcase.js:70:29
    at _fulfilled (C:\Users\bethl_000\AppData\Roaming\npm\node_modules\nightwatch\node_modules\q\q.js:834:54)
    at C:\Users\bethl_000\AppData\Roaming\npm\node_modules\nightwatch\node_modules\q\q.js:863:30
    at Promise.promise.promiseDispatch (C:\Users\bethl_000\AppData\Roaming\npm\node_modules\nightwatch\node_modules\q\q.js:796:13)
    at C:\Users\bethl_000\AppData\Roaming\npm\node_modules\nightwatch\node_modules\q\q.js:556:49
    at runSingle (C:\Users\bethl_000\AppData\Roaming\npm\node_modules\nightwatch\node_modules\q\q.js:137:13)
    at flush (C:\Users\bethl_000\AppData\Roaming\npm\node_modules\nightwatch\node_modules\q\q.js:125:13)
ERROR: Unable to locate element: &#34;input[name=&#34;nameEntry&#34;]&#34; using: css selector
    at Page.getValue (C:\Users\bethl_000\AppData\Roaming\npm\node_modules\nightwatch\lib\page-object\command-wrapper.js:117:25)
    at Object.QOBB-80 Verify new employee field prompts have valid values (C:\Users\bethl_000\Documents\Beth\Learning\DevMountain\EmployeeManager\tests\AddNewEmployee.js:70:18)
    at Module.call (C:\Users\bethl_000\AppData\Roaming\npm\node_modules\nightwatch\lib\runner\module.js:62:34)
    at C:\Users\bethl_000\AppData\Roaming\npm\node_modules\nightwatch\lib\runner\testcase.js:70:29
    at _fulfilled (C:\Users\bethl_000\AppData\Roaming\npm\node_modules\nightwatch\node_modules\q\q.js:834:54)
    at C:\Users\bethl_000\AppData\Roaming\npm\node_modules\nightwatch\node_modules\q\q.js:863:30
    at Promise.promise.promiseDispatch (C:\Users\bethl_000\AppData\Roaming\npm\node_modules\nightwatch\node_modules\q\q.js:796:13)
    at C:\Users\bethl_000\AppData\Roaming\npm\node_modules\nightwatch\node_modules\q\q.js:556:49
    at runSingle (C:\Users\bethl_000\AppData\Roaming\npm\node_modules\nightwatch\node_modules\q\q.js:137:13)
    at flush (C:\Users\bethl_000\AppData\Roaming\npm\node_modules\nightwatch\node_modules\q\q.js:125:13)
ERROR: Unable to locate element: &#34;input[name=&#34;phoneEntry&#34;]&#34; using: css selector
    at Page.getValue (C:\Users\bethl_000\AppData\Roaming\npm\node_modules\nightwatch\lib\page-object\command-wrapper.js:117:25)
    at Object.QOBB-80 Verify new employee field prompts have valid values (C:\Users\bethl_000\Documents\Beth\Learning\DevMountain\EmployeeManager\tests\AddNewEmployee.js:73:18)
    at Module.call (C:\Users\bethl_000\AppData\Roaming\npm\node_modules\nightwatch\lib\runner\module.js:62:34)
    at C:\Users\bethl_000\AppData\Roaming\npm\node_modules\nightwatch\lib\runner\testcase.js:70:29
    at _fulfilled (C:\Users\bethl_000\AppData\Roaming\npm\node_modules\nightwatch\node_modules\q\q.js:834:54)
    at C:\Users\bethl_000\AppData\Roaming\npm\node_modules\nightwatch\node_modules\q\q.js:863:30
    at Promise.promise.promiseDispatch (C:\Users\bethl_000\AppData\Roaming\npm\node_modules\nightwatch\node_modules\q\q.js:796:13)
    at C:\Users\bethl_000\AppData\Roaming\npm\node_modules\nightwatch\node_modules\q\q.js:556:49
    at runSingle (C:\Users\bethl_000\AppData\Roaming\npm\node_modules\nightwatch\node_modules\q\q.js:137:13)
    at flush (C:\Users\bethl_000\AppData\Roaming\npm\node_modules\nightwatch\node_modules\q\q.js:125:13)
ERROR: Unable to locate element: &#34;input[name=&#34;titleEntry&#34;]&#34; using: css selector
    at Page.getValue (C:\Users\bethl_000\AppData\Roaming\npm\node_modules\nightwatch\lib\page-object\command-wrapper.js:117:25)
    at Object.QOBB-80 Verify new employee field prompts have valid values (C:\Users\bethl_000\Documents\Beth\Learning\DevMountain\EmployeeManager\tests\AddNewEmployee.js:76:18)
    at Module.call (C:\Users\bethl_000\AppData\Roaming\npm\node_modules\nightwatch\lib\runner\module.js:62:34)
    at C:\Users\bethl_000\AppData\Roaming\npm\node_modules\nightwatch\lib\runner\testcase.js:70:29
    at _fulfilled (C:\Users\bethl_000\AppData\Roaming\npm\node_modules\nightwatch\node_modules\q\q.js:834:54)
    at C:\Users\bethl_000\AppData\Roaming\npm\node_modules\nightwatch\node_modules\q\q.js:863:30
    at Promise.promise.promiseDispatch (C:\Users\bethl_000\AppData\Roaming\npm\node_modules\nightwatch\node_modules\q\q.js:796:13)
    at C:\Users\bethl_000\AppData\Roaming\npm\node_modules\nightwatch\node_modules\q\q.js:556:49
    at runSingle (C:\Users\bethl_000\AppData\Roaming\npm\node_modules\nightwatch\node_modules\q\q.js:137:13)
    at flush (C:\Users\bethl_000\AppData\Roaming\npm\node_modules\nightwatch\node_modules\q\q.js:125:13)
ERROR: Unable to locate element: &#34;//*[text()=&#34;New Employee&#34;]&#34; using: xpath
    at clickByText (C:\Users\bethl_000\Documents\Beth\Learning\DevMountain\EmployeeManager\tests\AddNewEmployee.js:6:10)
    at Object.QOBB-80 Verify new employee Save is working (C:\Users\bethl_000\Documents\Beth\Learning\DevMountain\EmployeeManager\tests\AddNewEmployee.js:85:13)
    at Module.call (C:\Users\bethl_000\AppData\Roaming\npm\node_modules\nightwatch\lib\runner\module.js:62:34)
    at C:\Users\bethl_000\AppData\Roaming\npm\node_modules\nightwatch\lib\runner\testcase.js:70:29
    at _fulfilled (C:\Users\bethl_000\AppData\Roaming\npm\node_modules\nightwatch\node_modules\q\q.js:834:54)
    at C:\Users\bethl_000\AppData\Roaming\npm\node_modules\nightwatch\node_modules\q\q.js:863:30
    at Promise.promise.promiseDispatch (C:\Users\bethl_000\AppData\Roaming\npm\node_modules\nightwatch\node_modules\q\q.js:796:13)
    at C:\Users\bethl_000\AppData\Roaming\npm\node_modules\nightwatch\node_modules\q\q.js:556:49
    at runSingle (C:\Users\bethl_000\AppData\Roaming\npm\node_modules\nightwatch\node_modules\q\q.js:137:13)
    at flush (C:\Users\bethl_000\AppData\Roaming\npm\node_modules\nightwatch\node_modules\q\q.js:125:13)
ERROR: Unable to locate element: &#34;input[name=&#34;nameEntry&#34;]&#34; using: css selector
    at Page.clearValue (C:\Users\bethl_000\AppData\Roaming\npm\node_modules\nightwatch\lib\page-object\command-wrapper.js:117:25)
    at setFieldValue (C:\Users\bethl_000\Documents\Beth\Learning\DevMountain\EmployeeManager\tests\AddNewEmployee.js:17:10)
    at Object.QOBB-80 Verify new employee Save is working (C:\Users\bethl_000\Documents\Beth\Learning\DevMountain\EmployeeManager\tests\AddNewEmployee.js:87:17)
    at Module.call (C:\Users\bethl_000\AppData\Roaming\npm\node_modules\nightwatch\lib\runner\module.js:62:34)
    at C:\Users\bethl_000\AppData\Roaming\npm\node_modules\nightwatch\lib\runner\testcase.js:70:29
    at _fulfilled (C:\Users\bethl_000\AppData\Roaming\npm\node_modules\nightwatch\node_modules\q\q.js:834:54)
    at C:\Users\bethl_000\AppData\Roaming\npm\node_modules\nightwatch\node_modules\q\q.js:863:30
    at Promise.promise.promiseDispatch (C:\Users\bethl_000\AppData\Roaming\npm\node_modules\nightwatch\node_modules\q\q.js:796:13)
    at C:\Users\bethl_000\AppData\Roaming\npm\node_modules\nightwatch\node_modules\q\q.js:556:49
    at runSingle (C:\Users\bethl_000\AppData\Roaming\npm\node_modules\nightwatch\node_modules\q\q.js:137:13)
ERROR: Unable to locate element: &#34;input[name=&#34;nameEntry&#34;]&#34; using: css selector
    at Page.setValue (C:\Users\bethl_000\AppData\Roaming\npm\node_modules\nightwatch\lib\page-object\command-wrapper.js:117:25)
    at setFieldValue (C:\Users\bethl_000\Documents\Beth\Learning\DevMountain\EmployeeManager\tests\AddNewEmployee.js:18:10)
    at Object.QOBB-80 Verify new employee Save is working (C:\Users\bethl_000\Documents\Beth\Learning\DevMountain\EmployeeManager\tests\AddNewEmployee.js:87:17)
    at Module.call (C:\Users\bethl_000\AppData\Roaming\npm\node_modules\nightwatch\lib\runner\module.js:62:34)
    at C:\Users\bethl_000\AppData\Roaming\npm\node_modules\nightwatch\lib\runner\testcase.js:70:29
    at _fulfilled (C:\Users\bethl_000\AppData\Roaming\npm\node_modules\nightwatch\node_modules\q\q.js:834:54)
    at C:\Users\bethl_000\AppData\Roaming\npm\node_modules\nightwatch\node_modules\q\q.js:863:30
    at Promise.promise.promiseDispatch (C:\Users\bethl_000\AppData\Roaming\npm\node_modules\nightwatch\node_modules\q\q.js:796:13)
    at C:\Users\bethl_000\AppData\Roaming\npm\node_modules\nightwatch\node_modules\q\q.js:556:49
    at runSingle (C:\Users\bethl_000\AppData\Roaming\npm\node_modules\nightwatch\node_modules\q\q.js:137:13)
ERROR: Unable to locate element: &#34;input[name=&#34;phoneEntry&#34;]&#34; using: css selector
    at Page.clearValue (C:\Users\bethl_000\AppData\Roaming\npm\node_modules\nightwatch\lib\page-object\command-wrapper.js:117:25)
    at setFieldValue (C:\Users\bethl_000\Documents\Beth\Learning\DevMountain\EmployeeManager\tests\AddNewEmployee.js:17:10)
    at Object.QOBB-80 Verify new employee Save is working (C:\Users\bethl_000\Documents\Beth\Learning\DevMountain\EmployeeManager\tests\AddNewEmployee.js:88:17)
    at Module.call (C:\Users\bethl_000\AppData\Roaming\npm\node_modules\nightwatch\lib\runner\module.js:62:34)
    at C:\Users\bethl_000\AppData\Roaming\npm\node_modules\nightwatch\lib\runner\testcase.js:70:29
    at _fulfilled (C:\Users\bethl_000\AppData\Roaming\npm\node_modules\nightwatch\node_modules\q\q.js:834:54)
    at C:\Users\bethl_000\AppData\Roaming\npm\node_modules\nightwatch\node_modules\q\q.js:863:30
    at Promise.promise.promiseDispatch (C:\Users\bethl_000\AppData\Roaming\npm\node_modules\nightwatch\node_modules\q\q.js:796:13)
    at C:\Users\bethl_000\AppData\Roaming\npm\node_modules\nightwatch\node_modules\q\q.js:556:49
    at runSingle (C:\Users\bethl_000\AppData\Roaming\npm\node_modules\nightwatch\node_modules\q\q.js:137:13)
ERROR: Unable to locate element: &#34;input[name=&#34;phoneEntry&#34;]&#34; using: css selector
    at Page.setValue (C:\Users\bethl_000\AppData\Roaming\npm\node_modules\nightwatch\lib\page-object\command-wrapper.js:117:25)
    at setFieldValue (C:\Users\bethl_000\Documents\Beth\Learning\DevMountain\EmployeeManager\tests\AddNewEmployee.js:18:10)
    at Object.QOBB-80 Verify new employee Save is working (C:\Users\bethl_000\Documents\Beth\Learning\DevMountain\EmployeeManager\tests\AddNewEmployee.js:88:17)
    at Module.call (C:\Users\bethl_000\AppData\Roaming\npm\node_modules\nightwatch\lib\runner\module.js:62:34)
    at C:\Users\bethl_000\AppData\Roaming\npm\node_modules\nightwatch\lib\runner\testcase.js:70:29
    at _fulfilled (C:\Users\bethl_000\AppData\Roaming\npm\node_modules\nightwatch\node_modules\q\q.js:834:54)
    at C:\Users\bethl_000\AppData\Roaming\npm\node_modules\nightwatch\node_modules\q\q.js:863:30
    at Promise.promise.promiseDispatch (C:\Users\bethl_000\AppData\Roaming\npm\node_modules\nightwatch\node_modules\q\q.js:796:13)
    at C:\Users\bethl_000\AppData\Roaming\npm\node_modules\nightwatch\node_modules\q\q.js:556:49
    at runSingle (C:\Users\bethl_000\AppData\Roaming\npm\node_modules\nightwatch\node_modules\q\q.js:137:13)
ERROR: Unable to locate element: &#34;input[name=&#34;titleEntry&#34;]&#34; using: css selector
    at Page.clearValue (C:\Users\bethl_000\AppData\Roaming\npm\node_modules\nightwatch\lib\page-object\command-wrapper.js:117:25)
    at setFieldValue (C:\Users\bethl_000\Documents\Beth\Learning\DevMountain\EmployeeManager\tests\AddNewEmployee.js:17:10)
    at Object.QOBB-80 Verify new employee Save is working (C:\Users\bethl_000\Documents\Beth\Learning\DevMountain\EmployeeManager\tests\AddNewEmployee.js:89:17)
    at Module.call (C:\Users\bethl_000\AppData\Roaming\npm\node_modules\nightwatch\lib\runner\module.js:62:34)
    at C:\Users\bethl_000\AppData\Roaming\npm\node_modules\nightwatch\lib\runner\testcase.js:70:29
    at _fulfilled (C:\Users\bethl_000\AppData\Roaming\npm\node_modules\nightwatch\node_modules\q\q.js:834:54)
    at C:\Users\bethl_000\AppData\Roaming\npm\node_modules\nightwatch\node_modules\q\q.js:863:30
    at Promise.promise.promiseDispatch (C:\Users\bethl_000\AppData\Roaming\npm\node_modules\nightwatch\node_modules\q\q.js:796:13)
    at C:\Users\bethl_000\AppData\Roaming\npm\node_modules\nightwatch\node_modules\q\q.js:556:49
    at runSingle (C:\Users\bethl_000\AppData\Roaming\npm\node_modules\nightwatch\node_modules\q\q.js:137:13)
ERROR: Unable to locate element: &#34;input[name=&#34;titleEntry&#34;]&#34; using: css selector
    at Page.setValue (C:\Users\bethl_000\AppData\Roaming\npm\node_modules\nightwatch\lib\page-object\command-wrapper.js:117:25)
    at setFieldValue (C:\Users\bethl_000\Documents\Beth\Learning\DevMountain\EmployeeManager\tests\AddNewEmployee.js:18:10)
    at Object.QOBB-80 Verify new employee Save is working (C:\Users\bethl_000\Documents\Beth\Learning\DevMountain\EmployeeManager\tests\AddNewEmployee.js:89:17)
    at Module.call (C:\Users\bethl_000\AppData\Roaming\npm\node_modules\nightwatch\lib\runner\module.js:62:34)
    at C:\Users\bethl_000\AppData\Roaming\npm\node_modules\nightwatch\lib\runner\testcase.js:70:29
    at _fulfilled (C:\Users\bethl_000\AppData\Roaming\npm\node_modules\nightwatch\node_modules\q\q.js:834:54)
    at C:\Users\bethl_000\AppData\Roaming\npm\node_modules\nightwatch\node_modules\q\q.js:863:30
    at Promise.promise.promiseDispatch (C:\Users\bethl_000\AppData\Roaming\npm\node_modules\nightwatch\node_modules\q\q.js:796:13)
    at C:\Users\bethl_000\AppData\Roaming\npm\node_modules\nightwatch\node_modules\q\q.js:556:49
    at runSingle (C:\Users\bethl_000\AppData\Roaming\npm\node_modules\nightwatch\node_modules\q\q.js:137:13)
ERROR: Unable to locate element: &#34;//*[text()=&#34; Save &#34;]&#34; using: xpath
    at clickByText (C:\Users\bethl_000\Documents\Beth\Learning\DevMountain\EmployeeManager\tests\AddNewEmployee.js:6:10)
    at Object.QOBB-80 Verify new employee Save is working (C:\Users\bethl_000\Documents\Beth\Learning\DevMountain\EmployeeManager\tests\AddNewEmployee.js:90:13)
    at Module.call (C:\Users\bethl_000\AppData\Roaming\npm\node_modules\nightwatch\lib\runner\module.js:62:34)
    at C:\Users\bethl_000\AppData\Roaming\npm\node_modules\nightwatch\lib\runner\testcase.js:70:29
    at _fulfilled (C:\Users\bethl_000\AppData\Roaming\npm\node_modules\nightwatch\node_modules\q\q.js:834:54)
    at C:\Users\bethl_000\AppData\Roaming\npm\node_modules\nightwatch\node_modules\q\q.js:863:30
    at Promise.promise.promiseDispatch (C:\Users\bethl_000\AppData\Roaming\npm\node_modules\nightwatch\node_modules\q\q.js:796:13)
    at C:\Users\bethl_000\AppData\Roaming\npm\node_modules\nightwatch\node_modules\q\q.js:556:49
    at runSingle (C:\Users\bethl_000\AppData\Roaming\npm\node_modules\nightwatch\node_modules\q\q.js:137:13)
    at flush (C:\Users\bethl_000\AppData\Roaming\npm\node_modules\nightwatch\node_modules\q\q.js:125:13)
ERROR: Unable to locate element: &#34;//*[text()=&#34;Casper the Ghost&#34;]&#34; using: xpath
    at clickByText (C:\Users\bethl_000\Documents\Beth\Learning\DevMountain\EmployeeManager\tests\AddNewEmployee.js:6:10)
    at Object.QOBB-80 Verify new employee Save is working (C:\Users\bethl_000\Documents\Beth\Learning\DevMountain\EmployeeManager\tests\AddNewEmployee.js:92:13)
    at Module.call (C:\Users\bethl_000\AppData\Roaming\npm\node_modules\nightwatch\lib\runner\module.js:62:34)
    at C:\Users\bethl_000\AppData\Roaming\npm\node_modules\nightwatch\lib\runner\testcase.js:70:29
    at _fulfilled (C:\Users\bethl_000\AppData\Roaming\npm\node_modules\nightwatch\node_modules\q\q.js:834:54)
    at C:\Users\bethl_000\AppData\Roaming\npm\node_modules\nightwatch\node_modules\q\q.js:863:30
    at Promise.promise.promiseDispatch (C:\Users\bethl_000\AppData\Roaming\npm\node_modules\nightwatch\node_modules\q\q.js:796:13)
    at C:\Users\bethl_000\AppData\Roaming\npm\node_modules\nightwatch\node_modules\q\q.js:556:49
    at runSingle (C:\Users\bethl_000\AppData\Roaming\npm\node_modules\nightwatch\node_modules\q\q.js:137:13)
    at flush (C:\Users\bethl_000\AppData\Roaming\npm\node_modules\nightwatch\node_modules\q\q.js:125:13)
ERROR: Unable to locate element: &#34;input[name=&#34;nameEntry&#34;]&#34; using: css selector
    at F.command (C:\Users\bethl_000\AppData\Roaming\npm\node_modules\nightwatch\lib\api\assertions\value.js:47:21)
    at F.module.exports.BaseAssertion._scheduleAssertion (C:\Users\bethl_000\AppData\Roaming\npm\node_modules\nightwatch\lib\core\assertion.js:87:17)
    at F.module.exports.BaseAssertion._executeCommand (C:\Users\bethl_000\AppData\Roaming\npm\node_modules\nightwatch\lib\core\assertion.js:82:17)
    at AssertionInstance.commandFn [as _commandFn] (C:\Users\bethl_000\AppData\Roaming\npm\node_modules\nightwatch\lib\core\assertion.js:180:21)
    at AsyncTree.runCommand (C:\Users\bethl_000\AppData\Roaming\npm\node_modules\nightwatch\lib\core\queue.js:154:30)
    at AsyncTree.runChildNode (C:\Users\bethl_000\AppData\Roaming\npm\node_modules\nightwatch\lib\core\queue.js:114:8)
    at AsyncTree.walkDown (C:\Users\bethl_000\AppData\Roaming\npm\node_modules\nightwatch\lib\core\queue.js:80:10)
    at AsyncTree.walkUp (C:\Users\bethl_000\AppData\Roaming\npm\node_modules\nightwatch\lib\core\queue.js:97:8)
    at AsyncTree.walkDown (C:\Users\bethl_000\AppData\Roaming\npm\node_modules\nightwatch\lib\core\queue.js:90:12)
    at AsyncTree.traverse (C:\Users\bethl_000\AppData\Roaming\npm\node_modules\nightwatch\lib\core\queue.js:73:8)
ERROR: Unable to locate element: &#34;input[name=&#34;phoneEntry&#34;]&#34; using: css selector
    at F.command (C:\Users\bethl_000\AppData\Roaming\npm\node_modules\nightwatch\lib\api\assertions\value.js:47:21)
    at F.module.exports.BaseAssertion._scheduleAssertion (C:\Users\bethl_000\AppData\Roaming\npm\node_modules\nightwatch\lib\core\assertion.js:87:17)
    at F.module.exports.BaseAssertion._executeCommand (C:\Users\bethl_000\AppData\Roaming\npm\node_modules\nightwatch\lib\core\assertion.js:82:17)
    at AssertionInstance.commandFn [as _commandFn] (C:\Users\bethl_000\AppData\Roaming\npm\node_modules\nightwatch\lib\core\assertion.js:180:21)
    at AsyncTree.runCommand (C:\Users\bethl_000\AppData\Roaming\npm\node_modules\nightwatch\lib\core\queue.js:154:30)
    at AsyncTree.runChildNode (C:\Users\bethl_000\AppData\Roaming\npm\node_modules\nightwatch\lib\core\queue.js:114:8)
    at AsyncTree.walkDown (C:\Users\bethl_000\AppData\Roaming\npm\node_modules\nightwatch\lib\core\queue.js:80:10)
    at AsyncTree.walkUp (C:\Users\bethl_000\AppData\Roaming\npm\node_modules\nightwatch\lib\core\queue.js:97:8)
    at AsyncTree.walkDown (C:\Users\bethl_000\AppData\Roaming\npm\node_modules\nightwatch\lib\core\queue.js:90:12)
    at AsyncTree.traverse (C:\Users\bethl_000\AppData\Roaming\npm\node_modules\nightwatch\lib\core\queue.js:73:8)
ERROR: Unable to locate element: &#34;input[name=&#34;titleEntry&#34;]&#34; using: css selector
    at F.command (C:\Users\bethl_000\AppData\Roaming\npm\node_modules\nightwatch\lib\api\assertions\value.js:47:21)
    at F.module.exports.BaseAssertion._scheduleAssertion (C:\Users\bethl_000\AppData\Roaming\npm\node_modules\nightwatch\lib\core\assertion.js:87:17)
    at F.module.exports.BaseAssertion._executeCommand (C:\Users\bethl_000\AppData\Roaming\npm\node_modules\nightwatch\lib\core\assertion.js:82:17)
    at AssertionInstance.commandFn [as _commandFn] (C:\Users\bethl_000\AppData\Roaming\npm\node_modules\nightwatch\lib\core\assertion.js:180:21)
    at AsyncTree.runCommand (C:\Users\bethl_000\AppData\Roaming\npm\node_modules\nightwatch\lib\core\queue.js:154:30)
    at AsyncTree.runChildNode (C:\Users\bethl_000\AppData\Roaming\npm\node_modules\nightwatch\lib\core\queue.js:114:8)
    at AsyncTree.walkDown (C:\Users\bethl_000\AppData\Roaming\npm\node_modules\nightwatch\lib\core\queue.js:80:10)
    at AsyncTree.walkUp (C:\Users\bethl_000\AppData\Roaming\npm\node_modules\nightwatch\lib\core\queue.js:97:8)
    at AsyncTree.walkDown (C:\Users\bethl_000\AppData\Roaming\npm\node_modules\nightwatch\lib\core\queue.js:90:12)
    at AsyncTree.traverse (C:\Users\bethl_000\AppData\Roaming\npm\node_modules\nightwatch\lib\core\queue.js:73:8)
    </system-err>
  

  
  </testsuite>
</testsuites>
