<?xml version="1.0" encoding="UTF-8" ?>
<testsuites errors="0"
            failures="3"
            tests="3">

  <testsuite name="before-apply-data-driven-testing.tests.AllFieldsHaveValuesToSave"
    errors="0" failures="3" hostname="" id="" package="tests" skipped="0"
    tests="3" time="14.05" timestamp="Mon, 19 Nov 2018 15:44:51 GMT">
  
    <testcase name="QOBB-67 Every field must be populated to Save - Missing name value" classname="before-apply-data-driven-testing.tests.AllFieldsHaveValuesToSave" time="4.931" assertions="2">

      <failure message="Expected element &lt;#saveBtn&gt; to have attribute &#34;disabled&#34; - attribute was not found">    at checkDisabled (C:\Users\bethl_000\Documents\Beth\Learning\DevMountain\EmployeeManager\tests-before-apply-data-driven-testing\tests\AllFieldsHaveValuesToSave.js:18:17)
    at Object.QOBB-67 Every field must be populated to Save - Missing name value (C:\Users\bethl_000\Documents\Beth\Learning\DevMountain\EmployeeManager\tests-before-apply-data-driven-testing\tests\AllFieldsHaveValuesToSave.js:39:9)</failure>

    
    </testcase>
  
    <testcase name="QOBB-67 Every field must be populated to Save - Missing phone value" classname="before-apply-data-driven-testing.tests.AllFieldsHaveValuesToSave" time="4.683" assertions="2">

      <failure message="Expected element &lt;#saveBtn&gt; to have attribute &#34;disabled&#34; - attribute was not found">    at checkDisabled (C:\Users\bethl_000\Documents\Beth\Learning\DevMountain\EmployeeManager\tests-before-apply-data-driven-testing\tests\AllFieldsHaveValuesToSave.js:18:17)
    at Object.QOBB-67 Every field must be populated to Save - Missing phone value (C:\Users\bethl_000\Documents\Beth\Learning\DevMountain\EmployeeManager\tests-before-apply-data-driven-testing\tests\AllFieldsHaveValuesToSave.js:50:9)</failure>

    
    </testcase>
  
    <testcase name="QOBB-67 Every field must be populated to Save - Missing title value" classname="before-apply-data-driven-testing.tests.AllFieldsHaveValuesToSave" time="4.440" assertions="2">

      <failure message="Expected element &lt;#saveBtn&gt; to have attribute &#34;disabled&#34; - attribute was not found">    at checkDisabled (C:\Users\bethl_000\Documents\Beth\Learning\DevMountain\EmployeeManager\tests-before-apply-data-driven-testing\tests\AllFieldsHaveValuesToSave.js:18:17)
    at Object.QOBB-67 Every field must be populated to Save - Missing title value (C:\Users\bethl_000\Documents\Beth\Learning\DevMountain\EmployeeManager\tests-before-apply-data-driven-testing\tests\AllFieldsHaveValuesToSave.js:62:9)</failure>

    
    </testcase>
  

  

  
  </testsuite>
</testsuites>
