<?xml version="1.0" encoding="UTF-8" ?>
<testsuites errors="0"
            failures="3"
            tests="3">

  <testsuite name="before-functions.FieldsCantBeSavedWhenInvalid"
    errors="0" failures="3" hostname="" id="" package="before-functions" skipped="0"
    tests="3" time="13.79" timestamp="Sun, 11 Nov 2018 17:36:12 GMT">
  
    <testcase name="QOBB-68 Name invalid; other fields valid" classname="before-functions.FieldsCantBeSavedWhenInvalid" time="4.825" assertions="2">

      <failure message="Expected element &lt;#saveBtn&gt; to have attribute &#34;disabled&#34; - attribute was not found">    at Object.QOBB-68 Name invalid; other fields valid (C:\Users\bethl_000\Documents\Beth\Learning\DevMountain\EmployeeManager\tests-before-functions\FieldsCantBeSavedWhenInvalid.js:24:21)</failure>

    
    </testcase>
  
    <testcase name="QOBB-68 Phone invalid; other fields valid" classname="before-functions.FieldsCantBeSavedWhenInvalid" time="4.281" assertions="2">

      <failure message="Expected element &lt;#saveBtn&gt; to have attribute &#34;disabled&#34; - attribute was not found">    at Object.QOBB-68 Phone invalid; other fields valid (C:\Users\bethl_000\Documents\Beth\Learning\DevMountain\EmployeeManager\tests-before-functions\FieldsCantBeSavedWhenInvalid.js:38:21)</failure>

    
    </testcase>
  
    <testcase name="QOBB-68 Title invalid; other fields valid" classname="before-functions.FieldsCantBeSavedWhenInvalid" time="4.679" assertions="2">

      <failure message="Expected element &lt;#saveBtn&gt; to have attribute &#34;disabled&#34; - attribute was not found">    at Object.QOBB-68 Title invalid; other fields valid (C:\Users\bethl_000\Documents\Beth\Learning\DevMountain\EmployeeManager\tests-before-functions\FieldsCantBeSavedWhenInvalid.js:52:21)</failure>

    
    </testcase>
  

  

  
  </testsuite>
</testsuites>
